<?xml version="1.0" encoding="UTF-8" ?>
<testsuite tests="1" failures="0" name="Disgurds_w.ELS_SERVICE.AppTest" time="0.006" errors="0" skipped="0">
  <properties>
    <property name="java.runtime.name" value="Java(TM) SE Runtime Environment"/>
    <property name="sun.boot.library.path" value="/home/danian/fuckfiles/study/SE/Java/jdk1.8.0_60/jre/lib/i386"/>
    <property name="java.vm.version" value="25.60-b23"/>
    <property name="java.vm.vendor" value="Oracle Corporation"/>
    <property name="maven.multiModuleProjectDirectory" value="/home/danian/fuckfiles/study/SE/SE2/ELS_SERVICE"/>
    <property name="java.vendor.url" value="http://java.oracle.com/"/>
    <property name="path.separator" value=":"/>
    <property name="guice.disable.misplaced.annotation.check" value="true"/>
    <property name="java.vm.name" value="Java HotSpot(TM) Server VM"/>
    <property name="file.encoding.pkg" value="sun.io"/>
    <property name="user.country" value="US"/>
    <property name="sun.java.launcher" value="SUN_STANDARD"/>
    <property name="sun.os.patch.level" value="unknown"/>
    <property name="java.vm.specification.name" value="Java Virtual Machine Specification"/>
    <property name="user.dir" value="/home/danian/fuckfiles/study/SE/SE2/ELS_SERVICE"/>
    <property name="java.runtime.version" value="1.8.0_60-b27"/>
    <property name="java.awt.graphicsenv" value="sun.awt.X11GraphicsEnvironment"/>
    <property name="java.endorsed.dirs" value="/home/danian/fuckfiles/study/SE/Java/jdk1.8.0_60/jre/lib/endorsed"/>
    <property name="os.arch" value="i386"/>
    <property name="java.io.tmpdir" value="/tmp"/>
    <property name="line.separator" value="
"/>
    <property name="java.vm.specification.vendor" value="Oracle Corporation"/>
    <property name="os.name" value="Linux"/>
    <property name="classworlds.conf" value="/home/danian/fuckfiles/workspace/.metadata/.plugins/org.eclipse.m2e.launching/launches/m2conf2657983240075189725.tmp"/>
    <property name="sun.jnu.encoding" value="UTF-8"/>
    <property name="java.library.path" value="/home/danian/fuckfiles/study/SE/Java/jdk1.8.0_60/jre/lib/i386/server:/home/danian/fuckfiles/study/SE/Java/jdk1.8.0_60/jre/lib/i386:/home/danian/fuckfiles/study/SE/Java/jdk1.8.0_60/jre/../lib/i386:/home/danian/fuckfiles/study/SE/Java/jdk1.8.0_60/jre/lib/i386/client:/home/danian/fuckfiles/study/SE/Java/jdk1.8.0_60/jre/lib/i386::/usr/java/packages/lib/i386:/lib:/usr/lib"/>
    <property name="java.specification.name" value="Java Platform API Specification"/>
    <property name="java.class.version" value="52.0"/>
    <property name="sun.management.compiler" value="HotSpot Tiered Compilers"/>
    <property name="os.version" value="3.19.0-30-generic"/>
    <property name="user.home" value="/home/danian"/>
    <property name="user.timezone" value="Asia/Shanghai"/>
    <property name="java.awt.printerjob" value="sun.print.PSPrinterJob"/>
    <property name="file.encoding" value="UTF-8"/>
    <property name="java.specification.version" value="1.8"/>
    <property name="user.name" value="danian"/>
    <property name="java.class.path" value="/home/danian/fuckfiles/study/SE/Maven/apache-maven-3.3.3/boot/plexus-classworlds-2.5.2.jar"/>
    <property name="java.vm.specification.version" value="1.8"/>
    <property name="sun.arch.data.model" value="32"/>
    <property name="java.home" value="/home/danian/fuckfiles/study/SE/Java/jdk1.8.0_60/jre"/>
    <property name="sun.java.command" value="org.codehaus.plexus.classworlds.launcher.Launcher -B test"/>
    <property name="java.specification.vendor" value="Oracle Corporation"/>
    <property name="user.language" value="en"/>
    <property name="awt.toolkit" value="sun.awt.X11.XToolkit"/>
    <property name="java.vm.info" value="mixed mode"/>
    <property name="java.version" value="1.8.0_60"/>
    <property name="java.ext.dirs" value="/home/danian/fuckfiles/study/SE/Java/jdk1.8.0_60/jre/lib/ext:/usr/java/packages/lib/ext"/>
    <property name="securerandom.source" value="file:/dev/./urandom"/>
    <property name="sun.boot.class.path" value="/home/danian/fuckfiles/study/SE/Java/jdk1.8.0_60/jre/lib/resources.jar:/home/danian/fuckfiles/study/SE/Java/jdk1.8.0_60/jre/lib/rt.jar:/home/danian/fuckfiles/study/SE/Java/jdk1.8.0_60/jre/lib/sunrsasign.jar:/home/danian/fuckfiles/study/SE/Java/jdk1.8.0_60/jre/lib/jsse.jar:/home/danian/fuckfiles/study/SE/Java/jdk1.8.0_60/jre/lib/jce.jar:/home/danian/fuckfiles/study/SE/Java/jdk1.8.0_60/jre/lib/charsets.jar:/home/danian/fuckfiles/study/SE/Java/jdk1.8.0_60/jre/lib/jfr.jar:/home/danian/fuckfiles/study/SE/Java/jdk1.8.0_60/jre/classes"/>
    <property name="java.vendor" value="Oracle Corporation"/>
    <property name="maven.home" value="/home/danian/fuckfiles/study/SE/Maven/apache-maven-3.3.3"/>
    <property name="file.separator" value="/"/>
    <property name="java.vendor.url.bug" value="http://bugreport.sun.com/bugreport/"/>
    <property name="sun.cpu.endian" value="little"/>
    <property name="sun.io.unicode.encoding" value="UnicodeLittle"/>
    <property name="sun.desktop" value="gnome"/>
    <property name="sun.cpu.isalist" value=""/>
  </properties>
  <testcase classname="Disgurds_w.ELS_SERVICE.AppTest" name="testApp" time="0.006"/>
</testsuite>